<?xml version="1.0" encoding="UTF-8"?>
<coverage generated="1750197043821" clover="3.2.0">
  <project timestamp="1750197043821" name="All files">
    <metrics statements="5" coveredstatements="4" conditionals="2" coveredconditionals="1" methods="2" coveredmethods="1" elements="9" coveredelements="6" complexity="0" loc="5" ncloc="5" packages="1" files="2" classes="2"/>
    <file name="index.ts" path="/Users/hyunsujoo/Documents/playgrounds/hensley-ui/packages/ui/utils/src/index.ts">
      <metrics statements="1" coveredstatements="0" conditionals="1" coveredconditionals="0" methods="1" coveredmethods="0"/>
      <line num="1" count="0" type="cond" truecount="0" falsecount="1"/>
    </file>
    <file name="utils.ts" path="/Users/hyunsujoo/Documents/playgrounds/hensley-ui/packages/ui/utils/src/utils.ts">
      <metrics statements="4" coveredstatements="4" conditionals="1" coveredconditionals="1" methods="1" coveredmethods="1"/>
      <line num="1" count="1" type="stmt"/>
      <line num="4" count="1" type="cond" truecount="1" falsecount="0"/>
      <line num="5" count="1" type="stmt"/>
      <line num="6" count="1" type="stmt"/>
    </file>
  </project>
</coverage>
